# LANGUAGE = KOR #

## 2016-07-27 ##
	1. 안전 초기상태 설정 (static 사용)
	2. Manager 엑티비티 ListView 추가
	3. 이미지 축소 (메모리 절약)
	4. 핸드폰 부팅시 알람 활성화 최적화
	5. DB 버전업
	6. 네비바 수정 (홈 버튼 삭제, 위에 알림, 상태 TextView로 교체)
	7. 버그 수정
	8. etc...

## 2016-07-27 [2] 추가 수정 ##
	1. 네비바 필요 없는거 삭제
	2. 우측 상단 메뉴 삭제

## 2016-07-28 ##
	1. 버튼 누르면 Manager 엑티비티로 이동
	2. 메세지 내용 주소로 변경

## 2016-07-28 [2] 추가 수정 ##
	1. 백그라운드 작업 5분 간격 100% 성공(?)
	2. 대피 요령 페이지 변경
	3. Timer, TimerTask 삭제
	4. 스레드로 전부 교체

## 2016-07-28 [3] 추가 수정 ##
	1. 동기화 시간 변경
	2. 대피 요령 엑티비티에서 뒤로가기 활성화

## 2016-07-28 [4] 추가 수정 ##
	1. 기기 리스트뷰 하나밖에 않나오는 문제 해결
	2. 기능 추가
	3. 야근 안할거임

## 2016-08-01 ##
	1. 상단바 색변경 문제 해결
	2. Manager 레이아웃 재설정
	3. 처음 동기화 시작 알림 삭제

## 2016-08-04 ##
	1. 여러가지 추가중...
	2. 매니져 엑티비티 수정중...

## 2016-08-09 ##
	1. Manager Activity 수정 완료
		1-1. 메뉴 추가
		1-2. 수정된 레이아웃에 따른 코드 추가
		1-3. SQLite 관련 버그 수정
## 2016-08-14 ##
	1. 백그라운드 작업 스레드 재설계

## 2016-08-17 ##
	1. 백그라운드 작업 스레드에서 서비스 + TimerTask 로 구조 변경
	2. 서비스 종료시 다시 서비스 호출 (재귀구조)

## 2016-08-17 [2] ## [Version 1]
	1. 백그라운드 작동확인
	2. 신고 엑티비티 버그 수정 확인
	3. 켜질떄 서비스 문제 fix

## 2016-08-23 ##
	1. 백그라운드에서 작업할 때 특정 경우 서비스 죽는 문제 해결
	2. 앱 시작시 오류 해결
	3. 앱 종료시 서비스 재시작하도록 변경

## 2016-08-23 [2] ##
	1. 제품번호로 제품 추가하는 기능 추가 (이름 설정가능)
	2. 1번사항 때문에add 페이지 UI 살짝 바뀜
